<?xml version="1.0" encoding="UTF-8"?>
<testng-results skipped="0" failed="0" ignored="0" total="1" passed="1">
  <reporter-output>
  </reporter-output>
  <suite name="Default suite" duration-ms="70331" started-at="2018-05-13T18:45:34Z" finished-at="2018-05-13T18:46:45Z">
    <groups>
    </groups>
    <test name="Default test" duration-ms="70331" started-at="2018-05-13T18:45:34Z" finished-at="2018-05-13T18:46:45Z">
      <class name="testcases.TC001_MyntraVerifyHomePage">
        <test-method status="PASS" signature="beforeSuite()[pri:0, instance:testcases.TC001_MyntraVerifyHomePage@159c4b8]" name="beforeSuite" is-config="true" duration-ms="2948" started-at="2018-05-14T00:15:31Z" finished-at="2018-05-14T00:15:34Z">
          <reporter-output>
          </reporter-output>
        </test-method> <!-- beforeSuite -->
        <test-method status="PASS" signature="setData()[pri:0, instance:testcases.TC001_MyntraVerifyHomePage@159c4b8]" name="setData" is-config="true" duration-ms="0" started-at="2018-05-14T00:15:34Z" finished-at="2018-05-14T00:15:34Z">
          <reporter-output>
          </reporter-output>
        </test-method> <!-- setData -->
        <test-method status="PASS" signature="beforeClass()[pri:0, instance:testcases.TC001_MyntraVerifyHomePage@159c4b8]" name="beforeClass" is-config="true" duration-ms="0" started-at="2018-05-14T00:15:34Z" finished-at="2018-05-14T00:15:34Z">
          <reporter-output>
          </reporter-output>
        </test-method> <!-- beforeClass -->
        <test-method status="PASS" signature="beforeMethod()[pri:0, instance:testcases.TC001_MyntraVerifyHomePage@159c4b8]" name="beforeMethod" is-config="true" duration-ms="37130" started-at="2018-05-14T00:15:34Z" finished-at="2018-05-14T00:16:12Z">
          <reporter-output>
          </reporter-output>
        </test-method> <!-- beforeMethod -->
        <test-method status="PASS" signature="verifyMyntraHome()[pri:0, instance:testcases.TC001_MyntraVerifyHomePage@159c4b8]" name="verifyMyntraHome" duration-ms="32339" started-at="2018-05-14T00:16:12Z" finished-at="2018-05-14T00:16:44Z">
          <reporter-output>
          </reporter-output>
        </test-method> <!-- verifyMyntraHome -->
        <test-method status="PASS" signature="afterMethod()[pri:0, instance:testcases.TC001_MyntraVerifyHomePage@159c4b8]" name="afterMethod" is-config="true" duration-ms="792" started-at="2018-05-14T00:16:44Z" finished-at="2018-05-14T00:16:45Z">
          <reporter-output>
          </reporter-output>
        </test-method> <!-- afterMethod -->
        <test-method status="PASS" signature="afterTest()[pri:0, instance:testcases.TC001_MyntraVerifyHomePage@159c4b8]" name="afterTest" is-config="true" duration-ms="0" started-at="2018-05-14T00:16:45Z" finished-at="2018-05-14T00:16:45Z">
          <reporter-output>
          </reporter-output>
        </test-method> <!-- afterTest -->
        <test-method status="PASS" signature="afterSuite()[pri:0, instance:testcases.TC001_MyntraVerifyHomePage@159c4b8]" name="afterSuite" is-config="true" duration-ms="1560" started-at="2018-05-14T00:16:45Z" finished-at="2018-05-14T00:16:46Z">
          <reporter-output>
          </reporter-output>
        </test-method> <!-- afterSuite -->
      </class> <!-- testcases.TC001_MyntraVerifyHomePage -->
    </test> <!-- Default test -->
  </suite> <!-- Default suite -->
</testng-results>
